<?xml version="1.0" encoding="UTF-8"?>
<!-- Generated by org.testng.reporters.JUnitReportReporter -->
<testsuite hostname="insigma" name="com.test.WorkRecordListTest" tests="1" failures="0" timestamp="30 Aug 2016 00:26:38 GMT" time="0.477" errors="0">
  <testcase name="runExcelTest" time="0.477" classname="com.test.WorkRecordListTest"/>
</testsuite> <!-- com.test.WorkRecordListTest -->
