<?xml version="1.0" encoding="UTF-8"?>
<!-- Generated by org.testng.reporters.JUnitReportReporter -->
<testsuite hostname="insigma" name="com.test.WriteWorkdailyTest" tests="1" failures="0" timestamp="30 Aug 2016 07:57:07 GMT" time="17.957" errors="0">
  <testcase name="runTest" time="17.957" classname="com.test.WriteWorkdailyTest"/>
</testsuite> <!-- com.test.WriteWorkdailyTest -->
