<?xml version="1.0" encoding="UTF-8"?>
<!-- Generated by org.testng.reporters.JUnitReportReporter -->
<testsuite hostname="insigma" name="com.test.ExcelTest" tests="1" failures="0" timestamp="29 Aug 2016 08:35:50 GMT" time="0.022" errors="0">
  <testcase name="runExcelTest" time="0.022" classname="com.test.ExcelTest"/>
</testsuite> <!-- com.test.ExcelTest -->
