<?xml version="1.0" encoding="UTF-8"?>
<!-- Generated by org.testng.reporters.JUnitReportReporter -->
<testsuite hostname="insigma" name="com.test.WriteWorkdailyTest" tests="1" failures="0" timestamp="31 Aug 2016 10:17:58 GMT" time="42.852" errors="0">
  <testcase name="runTest" time="42.852" classname="com.test.WriteWorkdailyTest"/>
</testsuite> <!-- com.test.WriteWorkdailyTest -->
